Using specified filter: nam.t00z.awip3d12.tm00.grib2.cnvgrib.out
Linking: /home/admin/DRJACK/RASP/RUN/ETA/GRIB/nam.t00z.awip3d12.tm00.grib2.cnvgrib.out /home/admin/DRJACK/WRF/WRFSI/extdata/work/ETA/GRIBFILE.AA
Starting /home/admin/DRJACK/WRF/WRFSI/bin/grib_prep.exe at Thu Oct 21 02:11:19 UTC 2010
 
Termination of grib_prep at Thu Oct 21 02:11:22 UTC 2010
.

============================================
Log from program execution
============================================
 HSTART, HEND = 2010-10-21_12:00:00    2010-10-21_12:00:00
 Interval value:         3600
 grib_prep.exe:grib_prep_adv - grib edition num            1
Duplicate name.  Removing T         from output list.
Duplicate name.  Removing U         from output list.
Duplicate name.  Removing V         from output list.
Duplicate name.  Removing RH        from output list.
Duplicate name.  Removing HGT       from output list.


Read from file 'Vtable' by subroutine PARSE_TABLE:
    11   100   -88   -99    T        
    33   100   -88   -99    U        
    34   100   -88   -99    V        
    52   100   -88   -99    RH       
     7   100   -88   -99    HGT      
    11   105     2   -99    T        
    52   105     2   -99    RH       
    33   105    10   -99    U        
    34   105    10   -99    V        
     1     1     0   -99    PSFC     
   130   102     0   -99    PMSL     
    65     1     0   -99    SNOW     
    11     1     0   -99    SKINTEMP 
    85   112     0    10    ST000010 
    85   112    10    40    ST010040 
    85   112    40   100    ST040100 
    85   112   100   200    ST100200 
   144   112     0    10    SM000010 
   144   112    10    40    SM010040 
   144   112    40   100    SM040100 
   144   112   100   200    SM100200 
    91     1     0   -99    SEAICE   
    81     1     0   -99    LANDSEA  
    80     1     0   -99    SST      
     7     1     0   -99    HGT      
   223     1     0   -99    CANWAT   
   224     1     0   -99    SOILCAT  
   225     1     0   -99    VEGCAT   




###############################################################################

Inventory for date = 2010-10-21 12:00:00

PRES   T        U        V        RH       HGT      PSFC     PMSL     SNOW     SKINTEMP ST000010 ST010040 ST040100 ST100200 SM000010 SM010040 SM040100 SM100200 SEAICE   LANDSEA  SST      CANWAT   SOILCAT  VEGCAT  
-------------------------------------------------------------------------------
2013.0                                                        X                                                                                                                                                      
2001.0                                                                 X                                                                                                                                             
2001.0                    X                                                                                                                                                                                          
2001.0           X                                                                                                                                                                                                   
2001.0                             X                                   X                                                                                                                                             
2001.0  X                                   X        X                          X        X        X        X        X        X        X        X        X        X        X        X        X        X        X      
1000.0  X        X        X        X        X                                                                                                                                                                        
 975.0  X        X        X        X        X                                                                                                                                                                        
 950.0  X        X        X        X        X                                                                                                                                                                        
 925.0  X        X        X        X        X                                                                                                                                                                        
 900.0  X        X        X        X        X                                                                                                                                                                        
 875.0  X        X        X        X        X                                                                                                                                                                        
 850.0  X        X        X        X        X                                                                                                                                                                        
 825.0  X        X        X        X        X                                                                                                                                                                        
 800.0  X        X        X        X        X                                                                                                                                                                        
 775.0  X        X        X        X        X                                                                                                                                                                        
 750.0  X        X        X        X        X                                                                                                                                                                        
 725.0  X        X        X        X        X                                                                                                                                                                        
 700.0  X        X        X        X        X                                                                                                                                                                        
 675.0  X        X        X        X        X                                                                                                                                                                        
 650.0  X        X        X        X        X                                                                                                                                                                        
 625.0  X        X        X        X        X                                                                                                                                                                        
 600.0  X        X        X        X        X                                                                                                                                                                        
 575.0  X        X        X        X        X                                                                                                                                                                        
 550.0  X        X        X        X        X                                                                                                                                                                        
 525.0  X        X        X        X        X                                                                                                                                                                        
 500.0  X        X        X        X        X                                                                                                                                                                        
 475.0  X        X        X        X        X                                                                                                                                                                        
 450.0  X        X        X        X        X                                                                                                                                                                        
 425.0  X        X        X        X        X                                                                                                                                                                        
 400.0  X        X        X        X        X                                                                                                                                                                        
 375.0  X        X        X        X        X                                                                                                                                                                        
 350.0  X        X        X        X        X                                                                                                                                                                        
 325.0  X        X        X        X        X                                                                                                                                                                        
 300.0  X        X        X        X        X                                                                                                                                                                        
 275.0  X        X        X        X        X                                                                                                                                                                        
 250.0  X        X        X        X        X                                                                                                                                                                        
 225.0  X        X        X        X        X                                                                                                                                                                        
 200.0  X        X        X        X        X                                                                                                                                                                        
 175.0  X        X        X        X        X                                                                                                                                                                        
 150.0  X        X        X        X        X                                                                                                                                                                        
 125.0  X        X        X        X        X                                                                                                                                                                        
 100.0  X        X        X        X        X                                                                                                                                                                        
  75.0  X        X        X        X        X                                                                                                                                                                        
  50.0  X        X        X        X        X                                                                                                                                                                        
-------------------------------------------------------------------------------
 First pass done, doing a reprocess
 nfiles =             1
 ntimes =             1
 filedates = 2010-10-21_12:00:00.0000
 hstart, hdate = 2010-10-21_12:00:002010-10-21_12:00:00            0
 hstart, hend = 2010-10-21_12:00:00  2010-10-21_13:00:00
 filedates(n) = 2010-10-21_12:00:00.0000
 2010-10-21_12
 Doing it: 2010-10-21_12
Copying SNOW      at level 200101 to level 200100.
Copying V         at level 200103 to level 200100.
Copying V         at level 200103 to level 200100.
Copying U         at level 200102 to level 200100.
Copying U         at level 200102 to level 200100.
Copying RH        at level 200101 to level 200100.
Copying RH        at level 200101 to level 200100.
Copying SNOW      at level 200101 to level 200100.
ooooo field = 2010-10-21_12:00:00 ooooo


###############################################################################

Inventory for date = 2010-10-21 12:00:00

PRES   T        U        V        RH       HGT      PSFC     PMSL     SNOW     SKINTEMP ST000010 ST010040 ST040100 ST100200 SM000010 SM010040 SM040100 SM100200 SEAICE   LANDSEA  SST      CANWAT   SOILCAT  VEGCAT  
-------------------------------------------------------------------------------
2013.0                                                        X                                                                                                                                                      
2001.0  X        X        X        X        X        X                 X        X        X        X        X        X        X        X        X        X        X        X        X        X        X        X      
1000.0  X        X        X        X        X                                                                                                                                                                        
 975.0  X        X        X        X        X                                                                                                                                                                        
 950.0  X        X        X        X        X                                                                                                                                                                        
 925.0  X        X        X        X        X                                                                                                                                                                        
 900.0  X        X        X        X        X                                                                                                                                                                        
 875.0  X        X        X        X        X                                                                                                                                                                        
 850.0  X        X        X        X        X                                                                                                                                                                        
 825.0  X        X        X        X        X                                                                                                                                                                        
 800.0  X        X        X        X        X                                                                                                                                                                        
 775.0  X        X        X        X        X                                                                                                                                                                        
 750.0  X        X        X        X        X                                                                                                                                                                        
 725.0  X        X        X        X        X                                                                                                                                                                        
 700.0  X        X        X        X        X                                                                                                                                                                        
 675.0  X        X        X        X        X                                                                                                                                                                        
 650.0  X        X        X        X        X                                                                                                                                                                        
 625.0  X        X        X        X        X                                                                                                                                                                        
 600.0  X        X        X        X        X                                                                                                                                                                        
 575.0  X        X        X        X        X                                                                                                                                                                        
 550.0  X        X        X        X        X                                                                                                                                                                        
 525.0  X        X        X        X        X                                                                                                                                                                        
 500.0  X        X        X        X        X                                                                                                                                                                        
 475.0  X        X        X        X        X                                                                                                                                                                        
 450.0  X        X        X        X        X                                                                                                                                                                        
 425.0  X        X        X        X        X                                                                                                                                                                        
 400.0  X        X        X        X        X                                                                                                                                                                        
 375.0  X        X        X        X        X                                                                                                                                                                        
 350.0  X        X        X        X        X                                                                                                                                                                        
 325.0  X        X        X        X        X                                                                                                                                                                        
 300.0  X        X        X        X        X                                                                                                                                                                        
 275.0  X        X        X        X        X                                                                                                                                                                        
 250.0  X        X        X        X        X                                                                                                                                                                        
 225.0  X        X        X        X        X                                                                                                                                                                        
 200.0  X        X        X        X        X                                                                                                                                                                        
 175.0  X        X        X        X        X                                                                                                                                                                        
 150.0  X        X        X        X        X                                                                                                                                                                        
 125.0  X        X        X        X        X                                                                                                                                                                        
 100.0  X        X        X        X        X                                                                                                                                                                        
  75.0  X        X        X        X        X                                                                                                                                                                        
  50.0  X        X        X        X        X                                                                                                                                                                        
-------------------------------------------------------------------------------

**********
Subroutine DATINT:
  Interpolating 3-d files to fill in any missing data...
**********


  Looking for data at time 2010-10-21_12      

          Found file:      FILE:2010-10-21_12      

**********
End Subroutine DATINT.
**********


**********
Deleting temporary files created by grib_prep...
**********

          Deleting file:  PFILE:2010-10-21_12

**********
Done deleting temporary files.
**********


**********
Normal termination of program grib_prep.
**********

